[2024-01-12T11:20:07.790+0100] [] [INFO] [NCLS-GFLAUNCHER-00005] [jakarta.enterprise.launcher] [tid: _ThreadID=1 _ThreadName=main] [timeMillis: 1705054807790] [levelValue: 800] [[
  JVM invocation command line:
C:\Program Files\Java\jdk-17\bin\java.exe
-cp
C:/Users/cmaas/GitHub/AQ/env/payara6/glassfish/domains/domain1/lib/ext/*;C:/Users/cmaas/GitHub/AQ/env/payara6/glassfish/modules/glassfish.jar
-XX:+UnlockDiagnosticVMOptions
--add-exports=java.base/sun.net.www=ALL-UNNAMED
--add-opens=java.base/java.net=ALL-UNNAMED
--add-opens=java.base/sun.net.www.protocol.jrt=ALL-UNNAMED
--add-opens=java.base/java.lang.invoke=ALL-UNNAMED
--add-opens=java.management/javax.management=ALL-UNNAMED
--add-opens=java.desktop/java.beans=ALL-UNNAMED
--add-opens=java.management/sun.management=ALL-UNNAMED
--add-exports=java.base/jdk.internal.ref=ALL-UNNAMED
--add-opens=java.naming/javax.naming.spi=ALL-UNNAMED
--add-opens=jdk.management/com.sun.management.internal=ALL-UNNAMED
--add-opens=java.base/java.io=ALL-UNNAMED
--add-opens=java.base/java.nio=ALL-UNNAMED
--add-opens=java.rmi/sun.rmi.transport=ALL-UNNAMED
--add-opens=java.base/java.lang=ALL-UNNAMED
--add-opens=java.logging/java.util.logging=ALL-UNNAMED
--add-exports=jdk.naming.dns/com.sun.jndi.dns=ALL-UNNAMED
--add-opens=java.base/sun.net.www.protocol.jar=ALL-UNNAMED
--add-exports=java.naming/com.sun.jndi.ldap=ALL-UNNAMED
--add-opens=java.base/jdk.internal.loader=ALL-UNNAMED
--add-exports=java.base/sun.security.util=ALL-UNNAMED
--add-opens=java.base/java.util=ALL-UNNAMED
--add-opens=java.base/sun.nio.ch=ALL-UNNAMED
--add-opens=java.management/javax.management.openmbean=ALL-UNNAMED
-XX:NewRatio=2
-Xbootclasspath/a:C:\Users\cmaas\GitHub\AQ\env\payara6\glassfish/lib/grizzly-npn-api.jar
-Xmx512m
-client
-javaagent:C:/Users/cmaas/GitHub/AQ/env/payara6/glassfish/lib/monitor/flashlight-agent.jar
-Djavax.xml.accessExternalSchema=all
-Djavax.net.ssl.trustStore=C:\Users\cmaas\GitHub\AQ\env\payara6\glassfish\domains\domain1/config/cacerts.p12
-Djdk.tls.rejectClientInitiatedRenegotiation=true
-Djdk.corba.allowOutputStreamSubclass=true
-Dfelix.fileinstall.dir=C:\Users\cmaas\GitHub\AQ\env\payara6\glassfish/modules/autostart/
-Dorg.glassfish.additionalOSGiBundlesToStart=org.apache.felix.shell,org.apache.felix.gogo.runtime,org.apache.felix.gogo.shell,org.apache.felix.gogo.command,org.apache.felix.shell.remote,org.apache.felix.fileinstall
-Dcom.sun.aas.installRoot=C:\Users\cmaas\GitHub\AQ\env\payara6\glassfish
-Dfelix.fileinstall.poll=5000
-Djava.security.policy=C:\Users\cmaas\GitHub\AQ\env\payara6\glassfish\domains\domain1/config/server.policy
-Dosgi.shell.telnet.maxconn=1
-Dfelix.fileinstall.bundles.startTransient=true
-Dcom.sun.enterprise.config.config_environment_factory_class=com.sun.enterprise.config.serverbeans.AppserverConfigEnvironmentFactory
-Dfelix.fileinstall.log.level=2
-Djavax.net.ssl.keyStore=C:\Users\cmaas\GitHub\AQ\env\payara6\glassfish\domains\domain1/config/keystore.p12
-Djava.security.auth.login.config=C:\Users\cmaas\GitHub\AQ\env\payara6\glassfish\domains\domain1/config/login.conf
-Dfelix.fileinstall.disableConfigSave=false
-Dorg.glassfish.grizzly.DEFAULT_MEMORY_MANAGER=org.glassfish.grizzly.memory.HeapMemoryManager
-Dfelix.fileinstall.bundles.new.start=true
-Dcom.sun.aas.instanceRoot=C:\Users\cmaas\GitHub\AQ\env\payara6\glassfish\domains\domain1
-Dosgi.shell.telnet.port=6666
-Dgosh.args=--nointeractive
-Dcom.sun.enterprise.security.httpsOutboundKeyAlias=s1as
-Dorg.jboss.weld.serialization.beanIdentifierIndexOptimization=false
-Dosgi.shell.telnet.ip=127.0.0.1
-Djdk.attach.allowAttachSelf=true
-DANTLR_USE_DIRECT_CLASS_LOADING=true
-Djava.awt.headless=true
-Dcom.ctc.wstx.returnNullForDefaultNamespace=true
-Djdbc.drivers=org.h2.Driver
-Dorg.glassfish.grizzly.nio.DefaultSelectorHandler.force-selector-spin-detection=true
-Djava.library.path=C:/Users/cmaas/GitHub/AQ/env/payara6/glassfish/lib;C:/Program Files/Java/jdk-17/bin;C:/Windows/Sun/Java/bin;C:/Windows/System32;C:/Windows;C:/Program Files/PowerShell/7;C:/Program Files/Common Files/Oracle/Java/javapath;C:/Windows/System32/wbem;C:/Windows/System32/WindowsPowerShell/v1.0;C:/Windows/System32/OpenSSH;C:/Program Files/Git/cmd;C:/Program Files/GitHub CLI;C:/Program Files/nodejs;C:/ProgramData/chocolatey/bin;C:/Program Files (x86)/GnuPG/bin;C:/Program Files (x86)/NVIDIA Corporation/PhysX/Common;C:/Program Files/dotnet;C:/gradle-8.5/bin;C:/Program Files/WezTerm;C:/cygwin64/bin;C:/Users/cmaas/GitHub/FastUtil/target/release;C:/Program Files/Docker/Docker/resources/bin;C:/Users/cmaas;C:/Python311/Scripts;C:/Python311;C:/Users/cmaas/.cargo/bin;C:/Users/cmaas/AppData/Local/Programs/Python/Python311/Scripts;C:/Users/cmaas/AppData/Local/Programs/Python/Python311;C:/Users/cmaas/AppData/Local/Microsoft/WindowsApps;C:/Users/cmaas/AppData/Local/Programs/Neovim/bin;C:/Users/cmaas/AppData/Roaming/npm;C:/Users/cmaas/AppData/Local/Programs/Microsoft VS Code/bin;C:/Users/cmaas/AppData/Local/Programs/Hyper/resources/bin;C:/Users/cmaas/AppData/Local/Microsoft/WinGet/Packages/junegunn.fzf_Microsoft.Winget.Source_8wekyb3d8bbwe;C:/Users/cmaas/.local/bin;C:/Users/cmaas/AppData/Roaming/Python/Python311/Scripts;C:/Users/cmaas/AppData/Local/JetBrains/Toolbox/scripts;C:/Users/cmaas/AppData/Local/Programs/oh-my-posh/bin;C:/Users/cmaas/GitHub/AQ/env
com.sun.enterprise.glassfish.bootstrap.ASMain
-upgrade
false
-read-stdin
true
-domainname
domain1
-domaindir
C:/Users/cmaas/GitHub/AQ/env/payara6/glassfish/domains/domain1
-asadmin-args
--host,,,localhost,,,--port,,,4848,,,--secure=false,,,--terse=false,,,--extraterse=false,,,--echo=false,,,--interactive=true,,,--autoname=false,,,start-domain,,,--verbose=false,,,--watchdog=false,,,--debug=false,,,--warmup=false,,,--domaindir,,,C:\Users\cmaas\GitHub\AQ\env\payara6\glassfish\domains,,,domain1
-instancename
server
-type
DAS
-verbose
false
-warmup
false
-asadmin-classpath
C:/Users/cmaas/GitHub/AQ/env/payara6/glassfish/lib/client/appserver-cli.jar
-debug
false
-asadmin-classname
com.sun.enterprise.admin.cli.AdminMain
-watchdog
false]]

